<?xml version="1.0" encoding="UTF-8"?>
<!-- Generated by org.testng.reporters.JUnitReportReporter -->
<testsuite hostname="DESKTOP-IF37F16" failures="0" tests="3" name="Test.RegisterTest" time="25.403" errors="0" timestamp="2025-03-26T19:29:01 IST" skipped="0">
  <testcase classname="Test.RegisterTest" name="testUserRegistrationAsMaleWithEmptyFields" time="9.005"/>
  <testcase classname="Test.RegisterTest" name="testUserRegistrationAsFemale" time="8.261"/>
  <testcase classname="Test.RegisterTest" name="testUserRegistrationAsMaleWithDuplicateEmail" time="8.137"/>
</testsuite> <!-- Test.RegisterTest -->
