<?xml version="1.0" encoding="UTF-8"?>
<testng-results ignored="0" total="1" passed="1" failed="0" skipped="0">
  <reporter-output>
  </reporter-output>
  <suite started-at="2025-03-20T21:26:02 IST" name="Default suite" finished-at="2025-03-20T21:26:07 IST" duration-ms="5542">
    <groups>
    </groups>
    <test started-at="2025-03-20T21:26:02 IST" name="Default test" finished-at="2025-03-20T21:26:07 IST" duration-ms="5542">
      <class name="com.test.basics.assertDemo">
        <test-method is-config="true" signature="setup()[pri:0, instance:com.test.basics.assertDemo@3b69e7d1]" started-at="2025-03-20T21:26:02 IST" name="setup" finished-at="2025-03-20T21:26:07 IST" duration-ms="5219" status="PASS">
          <reporter-output>
          </reporter-output>
        </test-method> <!-- setup -->
        <test-method signature="verifyTitle()[pri:0, instance:com.test.basics.assertDemo@3b69e7d1]" started-at="2025-03-20T21:26:07 IST" name="verifyTitle" finished-at="2025-03-20T21:26:07 IST" duration-ms="20" status="PASS">
          <reporter-output>
          </reporter-output>
        </test-method> <!-- verifyTitle -->
        <test-method is-config="true" signature="teardown()[pri:0, instance:com.test.basics.assertDemo@3b69e7d1]" started-at="2025-03-20T21:26:07 IST" name="teardown" finished-at="2025-03-20T21:26:07 IST" duration-ms="253" status="PASS">
          <reporter-output>
          </reporter-output>
        </test-method> <!-- teardown -->
      </class> <!-- com.test.basics.assertDemo -->
    </test> <!-- Default test -->
  </suite> <!-- Default suite -->
</testng-results>
