<?xml version="1.0" encoding="UTF-8"?>
<!-- Generated by org.testng.reporters.JUnitXMLReporter -->
<testsuite ignored="0" hostname="DESKTOP-IF37F16" failures="0" tests="4" name="Default test" time="18.8" errors="0" timestamp="2025-03-25T19:07:30 IST">
  <testcase classname="pack.TC2" name="search" time="11.24"/>
  <testcase classname="pack.TC2" name="search" time="13.107"/>
  <testcase classname="pack.TC2" name="search" time="13.433"/>
  <testcase classname="pack.TC2" name="search" time="13.508"/>
</testsuite> <!-- Default test -->
