<?xml version="1.0" encoding="UTF-8"?>
<!-- Generated by org.testng.reporters.JUnitReportReporter -->
<testsuite hostname="DESKTOP-IF37F16" failures="0" tests="3" name="com.test.basics.NewTest" time="0.016" errors="0" timestamp="2025-03-20T20:56:57 IST" skipped="0">
  <testcase classname="com.test.basics.NewTest" name="f2" time="0.006"/>
  <testcase classname="com.test.basics.NewTest" name="f" time="0.006"/>
  <testcase classname="com.test.basics.NewTest" name="f1" time="0.004"/>
</testsuite> <!-- com.test.basics.NewTest -->
