<?xml version="1.0" encoding="UTF-8"?>
<!-- Generated by org.testng.reporters.JUnitXMLReporter -->
<testsuite ignored="0" hostname="DESKTOP-IF37F16" failures="1" tests="1" name="search" time="1.329" errors="0" timestamp="2025-03-25T16:38:48 IST">
  <testcase classname="pack.Tcxl" name="search" time="1.27">
    <failure type="org.testng.internal.reflect.MethodMatcherException" message="
[public void pack.Tcxl.search(java.lang.String,java.lang.String)] has no parameters defined but was found to be using a data provider (either explicitly specified or inherited from class level annotation).
Data provider mismatch
Method: search([java.lang.String arg0, java.lang.String arg1])
Arguments: [(java.lang.String) selenium]">
      <![CDATA[org.testng.internal.reflect.MethodMatcherException: 
[public void pack.Tcxl.search(java.lang.String,java.lang.String)] has no parameters defined but was found to be using a data provider (either explicitly specified or inherited from class level annotation).
Data provider mismatch
Method: search([java.lang.String arg0, java.lang.String arg1])
Arguments: [(java.lang.String) selenium]
at java.base/java.util.concurrent.Executors$RunnableAdapter.call(Executors.java:572)
at java.base/java.util.concurrent.FutureTask.run(FutureTask.java:317)
at java.base/java.util.concurrent.ThreadPoolExecutor.runWorker(ThreadPoolExecutor.java:1144)
at java.base/java.util.concurrent.ThreadPoolExecutor$Worker.run(ThreadPoolExecutor.java:642)
at java.base/java.lang.Thread.run(Thread.java:1583)
... Removed 8 stack frames]]>
    </failure>
  </testcase> <!-- search -->
</testsuite> <!-- search -->
