<?xml version="1.0" encoding="UTF-8"?>
<!-- Generated by org.testng.reporters.JUnitXMLReporter -->
<testsuite ignored="0" hostname="DESKTOP-IF37F16" failures="1" tests="1" name="Test" time="1.256" errors="0" timestamp="2025-03-25T16:39:24 IST">
  <testcase classname="pack.Tcxl" name="search" time="1.206">
    <failure type="org.testng.internal.reflect.MethodMatcherException" message="
[public void pack.Tcxl.search(java.lang.String,java.lang.String)] has no parameters defined but was found to be using a data provider (either explicitly specified or inherited from class level annotation).
Data provider mismatch
Method: search([java.lang.String arg0, java.lang.String arg1])
Arguments: [(java.lang.String) selenium]">
      <![CDATA[org.testng.internal.reflect.MethodMatcherException: 
[public void pack.Tcxl.search(java.lang.String,java.lang.String)] has no parameters defined but was found to be using a data provider (either explicitly specified or inherited from class level annotation).
Data provider mismatch
Method: search([java.lang.String arg0, java.lang.String arg1])
Arguments: [(java.lang.String) selenium]
at java.base/java.util.ArrayList.forEach(ArrayList.java:1596)
... Removed 22 stack frames]]>
    </failure>
  </testcase> <!-- search -->
</testsuite> <!-- Test -->
