<?xml version="1.0" encoding="UTF-8"?>
<!-- Generated by org.testng.reporters.JUnitXMLReporter -->
<testsuite ignored="0" hostname="DESKTOP-IF37F16" failures="0" tests="3" name="Default test" time="26.808" errors="0" timestamp="2025-03-26T19:22:38 IST">
  <testcase classname="Test.RegisterTest" name="testUserRegistrationAsFemale" time="2.59"/>
  <testcase classname="Test.RegisterTest" name="testUserRegistrationAsMaleWithDuplicateEmail" time="2.951"/>
  <testcase classname="Test.RegisterTest" name="testUserRegistrationAsMaleWithEmptyFields" time="1.769"/>
</testsuite> <!-- Default test -->
