<?xml version="1.0" encoding="UTF-8"?>
<testng-results ignored="0" total="4" passed="4" failed="0" skipped="0">
  <reporter-output>
  </reporter-output>
  <suite started-at="2025-03-26T19:28:42 IST" name="WebShopTestSuite" finished-at="2025-03-26T19:29:01 IST" duration-ms="19041">
    <groups>
    </groups>
    <test started-at="2025-03-26T19:28:42 IST" name="WebShopTests" finished-at="2025-03-26T19:29:01 IST" duration-ms="19041">
      <class name="Test.RegisterTest">
        <test-method is-config="true" signature="setup()[pri:0, instance:Test.RegisterTest@7eac9008]" started-at="2025-03-26T19:28:43 IST" name="setup" finished-at="2025-03-26T19:28:50 IST" duration-ms="6744" status="PASS">
          <reporter-output>
          </reporter-output>
        </test-method> <!-- setup -->
        <test-method signature="testUserRegistrationAsFemale(java.lang.String,java.lang.String,java.lang.String,java.lang.String,java.lang.String)[pri:0, instance:Test.RegisterTest@7eac9008]" started-at="2025-03-26T19:28:50 IST" name="testUserRegistrationAsFemale" data-provider="excelDataFemale" finished-at="2025-03-26T19:28:53 IST" duration-ms="3020" status="PASS">
          <params>
            <param index="0">
              <value>
                <![CDATA[keerthi]]>
              </value>
            </param>
            <param index="1">
              <value>
                <![CDATA[priya]]>
              </value>
            </param>
            <param index="2">
              <value>
                <![CDATA[keerthi@gmail.com]]>
              </value>
            </param>
            <param index="3">
              <value>
                <![CDATA[Kiot1234@]]>
              </value>
            </param>
            <param index="4">
              <value>
                <![CDATA[Kiot1234@]]>
              </value>
            </param>
          </params>
          <reporter-output>
          </reporter-output>
        </test-method> <!-- testUserRegistrationAsFemale -->
        <test-method is-config="true" signature="setup()[pri:0, instance:Test.RegisterTest@7eac9008]" started-at="2025-03-26T19:28:51 IST" name="setup" finished-at="2025-03-26T19:28:56 IST" duration-ms="5006" status="PASS">
          <reporter-output>
          </reporter-output>
        </test-method> <!-- setup -->
        <test-method is-config="true" signature="teardown()[pri:0, instance:Test.RegisterTest@7eac9008]" started-at="2025-03-26T19:28:53 IST" name="teardown" finished-at="2025-03-26T19:28:53 IST" duration-ms="561" status="PASS">
          <reporter-output>
          </reporter-output>
        </test-method> <!-- teardown -->
        <test-method is-config="true" signature="setup()[pri:0, instance:Test.RegisterTest@7eac9008]" started-at="2025-03-26T19:28:53 IST" name="setup" finished-at="2025-03-26T19:28:59 IST" duration-ms="5240" status="PASS">
          <reporter-output>
          </reporter-output>
        </test-method> <!-- setup -->
        <test-method signature="testUserRegistrationAsMaleWithDuplicateEmail(java.lang.String,java.lang.String,java.lang.String,java.lang.String,java.lang.String)[pri:0, instance:Test.RegisterTest@7eac9008]" started-at="2025-03-26T19:28:56 IST" name="testUserRegistrationAsMaleWithDuplicateEmail" data-provider="excelDataMale" finished-at="2025-03-26T19:28:59 IST" duration-ms="2667" status="PASS">
          <params>
            <param index="0">
              <value>
                <![CDATA[prem]]>
              </value>
            </param>
            <param index="1">
              <value>
                <![CDATA[kumar]]>
              </value>
            </param>
            <param index="2">
              <value>
                <![CDATA[kiot@gmail.com]]>
              </value>
            </param>
            <param index="3">
              <value>
                <![CDATA[Kiot1234@]]>
              </value>
            </param>
            <param index="4">
              <value>
                <![CDATA[Kiot1234@]]>
              </value>
            </param>
          </params>
          <reporter-output>
          </reporter-output>
        </test-method> <!-- testUserRegistrationAsMaleWithDuplicateEmail -->
        <test-method signature="testUserRegistrationAsMaleWithEmptyFields(java.lang.String,java.lang.String,java.lang.String,java.lang.String,java.lang.String)[pri:0, instance:Test.RegisterTest@7eac9008]" started-at="2025-03-26T19:28:59 IST" name="testUserRegistrationAsMaleWithEmptyFields" data-provider="excelDataInvalidMale" finished-at="2025-03-26T19:29:00 IST" duration-ms="1700" status="PASS">
          <params>
            <param index="0">
              <value>
                <![CDATA[kumar]]>
              </value>
            </param>
            <param index="1">
              <value>
                <![CDATA[kumaran]]>
              </value>
            </param>
            <param index="2">
              <value>
                <![CDATA[]]>
              </value>
            </param>
            <param index="3">
              <value>
                <![CDATA[Kiot1234@]]>
              </value>
            </param>
            <param index="4">
              <value>
                <![CDATA[Kiot1234@]]>
              </value>
            </param>
          </params>
          <reporter-output>
          </reporter-output>
        </test-method> <!-- testUserRegistrationAsMaleWithEmptyFields -->
        <test-method is-config="true" signature="teardown()[pri:0, instance:Test.RegisterTest@7eac9008]" started-at="2025-03-26T19:28:59 IST" name="teardown" finished-at="2025-03-26T19:28:59 IST" duration-ms="230" status="PASS">
          <reporter-output>
          </reporter-output>
        </test-method> <!-- teardown -->
        <test-method is-config="true" signature="teardown()[pri:0, instance:Test.RegisterTest@7eac9008]" started-at="2025-03-26T19:29:00 IST" name="teardown" finished-at="2025-03-26T19:29:01 IST" duration-ms="235" status="PASS">
          <reporter-output>
          </reporter-output>
        </test-method> <!-- teardown -->
      </class> <!-- Test.RegisterTest -->
      <class name="Test.HomeTest">
        <test-method is-config="true" signature="setup()[pri:0, instance:Test.HomeTest@62379589]" started-at="2025-03-26T19:28:42 IST" name="setup" finished-at="2025-03-26T19:28:50 IST" duration-ms="8054" status="PASS">
          <reporter-output>
          </reporter-output>
        </test-method> <!-- setup -->
        <test-method signature="testClickRegister()[pri:0, instance:Test.HomeTest@62379589]" started-at="2025-03-26T19:28:50 IST" name="testClickRegister" finished-at="2025-03-26T19:28:51 IST" duration-ms="1073" status="PASS">
          <reporter-output>
          </reporter-output>
        </test-method> <!-- testClickRegister -->
        <test-method is-config="true" signature="teardown()[pri:0, instance:Test.HomeTest@62379589]" started-at="2025-03-26T19:28:51 IST" name="teardown" finished-at="2025-03-26T19:28:51 IST" duration-ms="391" status="PASS">
          <reporter-output>
          </reporter-output>
        </test-method> <!-- teardown -->
      </class> <!-- Test.HomeTest -->
    </test> <!-- WebShopTests -->
  </suite> <!-- WebShopTestSuite -->
</testng-results>
