<?xml version="1.0" encoding="UTF-8"?>
<!-- Generated by org.testng.reporters.JUnitXMLReporter -->
<testsuite ignored="0" hostname="DESKTOP-IF37F16" failures="0" tests="4" name="Test" time="9.49" errors="0" timestamp="2025-03-20T20:56:57 IST">
  <testcase classname="com.test.basics.Demo1" name="f" time="0.633"/>
  <testcase classname="com.test.basics.NewTest" name="f" time="0.004"/>
  <testcase classname="com.test.basics.NewTest" name="f1" time="0.001"/>
  <testcase classname="com.test.basics.NewTest" name="f2" time="0.006"/>
</testsuite> <!-- Test -->
