<?xml version="1.0" encoding="UTF-8"?>
<!-- Generated by org.testng.reporters.JUnitXMLReporter -->
<testsuite ignored="0" hostname="DESKTOP-IF37F16" failures="0" tests="4" name="Test" time="18.559" errors="0" timestamp="2025-03-20T15:10:39 IST">
  <testcase classname="com.test.basics.Demo1" name="f" time="14.943"/>
  <testcase classname="com.test.basics.NewTest" name="f" time="0.003"/>
  <testcase classname="com.test.basics.NewTest" name="f1" time="0.01"/>
  <testcase classname="com.test.basics.NewTest" name="f2" time="0.006"/>
</testsuite> <!-- Test -->
