<?xml version="1.0" encoding="UTF-8"?>
<testng-results ignored="0" total="6" passed="6" failed="0" skipped="0">
  <reporter-output>
  </reporter-output>
  <suite started-at="2025-04-02T22:01:18 IST" name="Suite" finished-at="2025-04-02T22:02:17 IST" duration-ms="58637">
    <groups>
      <group name="cucumber">
        <method signature="AbstractTestNGCucumberTests.runScenario(io.cucumber.testng.PickleWrapper,io.cucumber.testng.FeatureWrapper)[pri:0, instance:runner.RunnerOrangeHrm@40005471]" name="runScenario" class="io.cucumber.testng.AbstractTestNGCucumberTests"/>
      </group> <!-- cucumber -->
    </groups>
    <test started-at="2025-04-02T22:01:18 IST" name="Test" finished-at="2025-04-02T22:02:17 IST" duration-ms="58637">
      <class name="runner.RunnerOrangeHrm">
        <test-method is-config="true" signature="setUpClass(org.testng.ITestContext)[pri:0, instance:runner.RunnerOrangeHrm@40005471]" started-at="2025-04-02T22:01:18 IST" name="setUpClass" finished-at="2025-04-02T22:01:19 IST" duration-ms="295" status="PASS">
          <params>
            <param index="0">
              <value>
                <![CDATA[org.testng.TestRunner@4faa298]]>
              </value>
            </param>
          </params>
          <reporter-output>
          </reporter-output>
        </test-method> <!-- setUpClass -->
        <test-method signature="runScenario(io.cucumber.testng.PickleWrapper,io.cucumber.testng.FeatureWrapper)[pri:0, instance:runner.RunnerOrangeHrm@40005471]" started-at="2025-04-02T22:01:19 IST" name="runScenario" description="Runs Cucumber Scenarios" data-provider="scenarios" finished-at="2025-04-02T22:01:29 IST" duration-ms="10642" status="PASS">
          <params>
            <param index="0">
              <value>
                <![CDATA["Asserting the Quich Launch Options"]]>
              </value>
            </param>
            <param index="1">
              <value>
                <![CDATA["Login Testing for OrangeHRM website"]]>
              </value>
            </param>
          </params>
          <reporter-output>
          </reporter-output>
        </test-method> <!-- runScenario -->
        <test-method signature="runScenario(io.cucumber.testng.PickleWrapper,io.cucumber.testng.FeatureWrapper)[pri:0, instance:runner.RunnerOrangeHrm@40005471]" started-at="2025-04-02T22:01:29 IST" name="runScenario" description="Runs Cucumber Scenarios" data-provider="scenarios" finished-at="2025-04-02T22:01:39 IST" duration-ms="9497" status="PASS">
          <params>
            <param index="0">
              <value>
                <![CDATA["Asserting the Quich Launch Options"]]>
              </value>
            </param>
            <param index="1">
              <value>
                <![CDATA["Login Testing for OrangeHRM website"]]>
              </value>
            </param>
          </params>
          <reporter-output>
          </reporter-output>
        </test-method> <!-- runScenario -->
        <test-method signature="runScenario(io.cucumber.testng.PickleWrapper,io.cucumber.testng.FeatureWrapper)[pri:0, instance:runner.RunnerOrangeHrm@40005471]" started-at="2025-04-02T22:01:39 IST" name="runScenario" description="Runs Cucumber Scenarios" data-provider="scenarios" finished-at="2025-04-02T22:01:48 IST" duration-ms="9033" status="PASS">
          <params>
            <param index="0">
              <value>
                <![CDATA["Asserting the Quich Launch Options"]]>
              </value>
            </param>
            <param index="1">
              <value>
                <![CDATA["Login Testing for OrangeHRM website"]]>
              </value>
            </param>
          </params>
          <reporter-output>
          </reporter-output>
        </test-method> <!-- runScenario -->
        <test-method signature="runScenario(io.cucumber.testng.PickleWrapper,io.cucumber.testng.FeatureWrapper)[pri:0, instance:runner.RunnerOrangeHrm@40005471]" started-at="2025-04-02T22:01:48 IST" name="runScenario" description="Runs Cucumber Scenarios" data-provider="scenarios" finished-at="2025-04-02T22:01:57 IST" duration-ms="9603" status="PASS">
          <params>
            <param index="0">
              <value>
                <![CDATA["Asserting the Quich Launch Options"]]>
              </value>
            </param>
            <param index="1">
              <value>
                <![CDATA["Login Testing for OrangeHRM website"]]>
              </value>
            </param>
          </params>
          <reporter-output>
          </reporter-output>
        </test-method> <!-- runScenario -->
        <test-method signature="runScenario(io.cucumber.testng.PickleWrapper,io.cucumber.testng.FeatureWrapper)[pri:0, instance:runner.RunnerOrangeHrm@40005471]" started-at="2025-04-02T22:01:57 IST" name="runScenario" description="Runs Cucumber Scenarios" data-provider="scenarios" finished-at="2025-04-02T22:02:07 IST" duration-ms="9528" status="PASS">
          <params>
            <param index="0">
              <value>
                <![CDATA["Asserting the Quich Launch Options"]]>
              </value>
            </param>
            <param index="1">
              <value>
                <![CDATA["Login Testing for OrangeHRM website"]]>
              </value>
            </param>
          </params>
          <reporter-output>
          </reporter-output>
        </test-method> <!-- runScenario -->
        <test-method signature="runScenario(io.cucumber.testng.PickleWrapper,io.cucumber.testng.FeatureWrapper)[pri:0, instance:runner.RunnerOrangeHrm@40005471]" started-at="2025-04-02T22:02:07 IST" name="runScenario" description="Runs Cucumber Scenarios" data-provider="scenarios" finished-at="2025-04-02T22:02:17 IST" duration-ms="9577" status="PASS">
          <params>
            <param index="0">
              <value>
                <![CDATA["Asserting the Quich Launch Options"]]>
              </value>
            </param>
            <param index="1">
              <value>
                <![CDATA["Login Testing for OrangeHRM website"]]>
              </value>
            </param>
          </params>
          <reporter-output>
          </reporter-output>
        </test-method> <!-- runScenario -->
        <test-method is-config="true" signature="tearDownClass()[pri:0, instance:runner.RunnerOrangeHrm@40005471]" started-at="2025-04-02T22:02:17 IST" name="tearDownClass" finished-at="2025-04-02T22:02:17 IST" duration-ms="376" status="PASS">
          <reporter-output>
          </reporter-output>
        </test-method> <!-- tearDownClass -->
      </class> <!-- runner.RunnerOrangeHrm -->
    </test> <!-- Test -->
  </suite> <!-- Suite -->
</testng-results>
