<?xml version="1.0" encoding="UTF-8"?>
<!-- Generated by org.testng.reporters.JUnitXMLReporter -->
<testsuite ignored="0" hostname="DESKTOP-IF37F16" failures="0" tests="4" name="WebShopTests" time="19.041" errors="0" timestamp="2025-03-26T19:29:01 IST">
  <testcase classname="Test.HomeTest" name="testClickRegister" time="1.073"/>
  <testcase classname="Test.RegisterTest" name="testUserRegistrationAsFemale" time="3.02"/>
  <testcase classname="Test.RegisterTest" name="testUserRegistrationAsMaleWithDuplicateEmail" time="2.667"/>
  <testcase classname="Test.RegisterTest" name="testUserRegistrationAsMaleWithEmptyFields" time="1.7"/>
</testsuite> <!-- WebShopTests -->
